
**** Build of configuration Nios II for project A1PROJECT ****

make all 
/usr/bin/sh: line 0: cd: ../A1PROJECT_bsp/: No such file or directory
/usr/bin/sh: line 0: cd: ../../: No such file or directory
Info: Building ../A1PROJECT_bsp/
make --no-print-directory -C ../A1PROJECT_bsp/
[BSP build complete]
Info: Compiling hello_world.c to obj/default/hello_world.o
nios2-elf-gcc -xc -MP -MMD -c -I../A1PROJECT_bsp//HAL/inc -I../A1PROJECT_bsp/ -I../A1PROJECT_bsp//drivers/inc  -DSYSTEM_BUS_WIDTH=32 -pipe -D__hal__ -DALT_NO_INSTRUCTION_EMULATION -DALT_SINGLE_THREADED    -O0 -g -Wall   -EL -mno-hw-div -mhw-mul -mno-hw-mulx  -o obj/default/hello_world.o hello_world.c
hello_world.c: In function 'tlc_timer_isr':
hello_world.c:196: warning: assignment makes integer from pointer without a cast
hello_world.c: In function 'init_buttons_pio':
hello_world.c:244: warning: implicit declaration of function 'alt_irq_register'
hello_world.c: At top level:
hello_world.c:77: warning: 'timeout_buf' defined but not used
hello_world.c:91: warning: 'traffic_lights' defined but not used
Info: Linking A1PROJECT.elf
nios2-elf-g++  -T'../A1PROJECT_bsp//linker.x' -msys-crt0='../A1PROJECT_bsp//obj/HAL/src/crt0.o' -msys-lib=hal_bsp -L../A1PROJECT_bsp/   -Wl,-Map=A1PROJECT.map   -O0 -g -Wall   -EL -mno-hw-div -mhw-mul -mno-hw-mulx  -o A1PROJECT.elf obj/default/hello_world.o -lm 
nios2-elf-insert A1PROJECT.elf --thread_model hal --cpu_name cpu --qsys true --simulation_enabled false --id 309768158 --sidp 0x10110b0 --timestamp 1502656663 --stderr_dev jtag_uart --stdin_dev jtag_uart --stdout_dev jtag_uart --sopc_system_name system --quartus_project_dir "//uoa.auckland.ac.nz/engdfs/Home/myep112/Downloads/303Assignments/software/A1PROJECT" --sopcinfo //uoa.auckland.ac.nz/engdfs/Home/myep112/Downloads/303Assignments/system.sopcinfo
Info: (A1PROJECT.elf) 92 KBytes program size (code + initialized data).
Info:                 8091 KBytes free for stack + heap.
Info: Creating A1PROJECT.objdump
nios2-elf-objdump --disassemble --syms --all-header --source A1PROJECT.elf >A1PROJECT.objdump
[A1PROJECT build complete]

**** Build Finished ****
