
**** Build of configuration Nios II for project alproject_final ****

make all 
/usr/bin/sh: line 0: cd: ../alproject_final_bsp/: No such file or directory
/usr/bin/sh: line 0: cd: ../../: No such file or directory
Info: Building ../alproject_final_bsp/
make --no-print-directory -C ../alproject_final_bsp/
[BSP build complete]
Info: Compiling hello_world.c to obj/default/hello_world.o
nios2-elf-gcc -xc -MP -MMD -c -I../alproject_final_bsp//HAL/inc -I../alproject_final_bsp/ -I../alproject_final_bsp//drivers/inc  -DSYSTEM_BUS_WIDTH=32 -pipe -D__hal__ -DALT_NO_INSTRUCTION_EMULATION -DALT_SINGLE_THREADED    -O0 -g -Wall   -EL -mno-hw-div -mhw-mul -mno-hw-mulx  -o obj/default/hello_world.o hello_world.c
hello_world.c: In function 'init_buttons_pio':
hello_world.c:193: warning: implicit declaration of function 'alt_irq_register'
Info: Linking alproject_final.elf
nios2-elf-g++  -T'../alproject_final_bsp//linker.x' -msys-crt0='../alproject_final_bsp//obj/HAL/src/crt0.o' -msys-lib=hal_bsp -L../alproject_final_bsp/   -Wl,-Map=alproject_final.map   -O0 -g -Wall   -EL -mno-hw-div -mhw-mul -mno-hw-mulx  -o alproject_final.elf obj/default/hello_world.o -lm 
nios2-elf-insert alproject_final.elf --thread_model hal --cpu_name cpu --qsys true --simulation_enabled false --id 309768158 --sidp 0x10110b0 --timestamp 1502656663 --stderr_dev jtag_uart --stdin_dev jtag_uart --stdout_dev jtag_uart --sopc_system_name system --quartus_project_dir "//uoa.auckland.ac.nz/engdfs/Home/myep112/Downloads/303Assignments/software/alproject_final" --sopcinfo //uoa.auckland.ac.nz/engdfs/Home/myep112/Downloads/303Assignments/system.sopcinfo
Info: (alproject_final.elf) 93 KBytes program size (code + initialized data).
Info:                       8091 KBytes free for stack + heap.
Info: Creating alproject_final.objdump
nios2-elf-objdump --disassemble --syms --all-header --source alproject_final.elf >alproject_final.objdump
[alproject_final build complete]

**** Build Finished ****
